Using pre-set license
Built from '2020.2/staging' branch; Version is '2020.2.6f1 (8a2143876886) revision 9052483'; Using compiler version '192528614'; Build Type 'Release'
OS: 'Windows 10 Home; OS build 19042.1237; Version 2009; 64bit' Language: 'en' Physical Memory: 16303 MB
BatchMode: 1, IsHumanControllingUs: 0, StartBugReporterOnCrash: 0, Is64bit: 1, IsPro: 0

 COMMAND LINE ARGUMENTS:
C:\Users\Nerea\Documents\Unity\2020.2.6f1\Editor\Unity.exe
-adb2
-batchMode
-noUpm
-name
AssetImportWorker0
-projectPath
C:/Users/Nerea/Documents/GitHub/Ludum49-Unstable/Ludum unstable
-logFile
Logs/AssetImportWorker0.log
-srvPort
55922
Successfully changed project path to: C:/Users/Nerea/Documents/GitHub/Ludum49-Unstable/Ludum unstable
C:/Users/Nerea/Documents/GitHub/Ludum49-Unstable/Ludum unstable
Using Asset Import Pipeline V2.
Refreshing native plugins compatible for Editor in 37.53 ms, found 1 plugins.
Preloading 0 native plugins for Editor in 0.00 ms.
Initialize engine version: 2020.2.6f1 (8a2143876886)
[Subsystems] Discovering subsystems at path C:/Users/Nerea/Documents/Unity/2020.2.6f1/Editor/Data/Resources/UnitySubsystems
[Subsystems] Discovering subsystems at path C:/Users/Nerea/Documents/GitHub/Ludum49-Unstable/Ludum unstable/Assets
GfxDevice: creating device client; threaded=0
Direct3D:
    Version:  Direct3D 11.0 [level 11.1]
    Renderer: NVIDIA GeForce RTX 2060 (ID=0x1f11)
    Vendor:   
    VRAM:     5980 MB
    Driver:   30.0.14.7141
Initialize mono
Mono path[0] = 'C:/Users/Nerea/Documents/Unity/2020.2.6f1/Editor/Data/Managed'
Mono path[1] = 'C:/Users/Nerea/Documents/Unity/2020.2.6f1/Editor/Data/MonoBleedingEdge/lib/mono/unityjit'
Mono config path = 'C:/Users/Nerea/Documents/Unity/2020.2.6f1/Editor/Data/MonoBleedingEdge/etc'
Using monoOptions --debugger-agent=transport=dt_socket,embedding=1,server=y,suspend=n,address=127.0.0.1:56608
Begin MonoManager ReloadAssembly
Registering precompiled unity dll's ...
Register platform support module: C:/Users/Nerea/Documents/Unity/2020.2.6f1/Editor/Data/PlaybackEngines/WebGLSupport/UnityEditor.WebGL.Extensions.dll
Register platform support module: C:/Users/Nerea/Documents/Unity/2020.2.6f1/Editor/Data/PlaybackEngines/WindowsStandaloneSupport/UnityEditor.WindowsStandalone.Extensions.dll
Registered in 0.003466 seconds.
Native extension for WindowsStandalone target not found
Native extension for WebGL target not found
Refreshing native plugins compatible for Editor in 33.55 ms, found 1 plugins.
Preloading 0 native plugins for Editor in 0.00 ms.
Invoked RoslynAnalysisRunner static constructor.
RoslynAnalysisRunner will not be running.
RoslynAnalysisRunner has terminated.
Mono: successfully reloaded assembly
- Completed reload, in  2.099 seconds
Platform modules already initialized, skipping
Registering precompiled user dll's ...
Registered in 0.001904 seconds.
Begin MonoManager ReloadAssembly
Native extension for WindowsStandalone target not found
Native extension for WebGL target not found
Refreshing native plugins compatible for Editor in 33.75 ms, found 1 plugins.
Preloading 0 native plugins for Editor in 0.00 ms.
Invoked RoslynAnalysisRunner static constructor.
RoslynAnalysisRunner will not be running.
RoslynAnalysisRunner has terminated.
Mono: successfully reloaded assembly
- Completed reload, in  0.942 seconds
Platform modules already initialized, skipping
========================================================================
Worker process is ready to serve import requests
Launched and connected shader compiler UnityShaderCompiler.exe after 0.05 seconds
Refreshing native plugins compatible for Editor in 0.35 ms, found 1 plugins.
Preloading 0 native plugins for Editor in 0.00 ms.
Unloading 1852 Unused Serialized files (Serialized files now loaded: 0)
System memory in use before: 87.5 MB.
System memory in use after: 87.5 MB.

Unloading 23 unused Assets to reduce memory usage. Loaded Objects now: 2295.
Total: 1.905700 ms (FindLiveObjects: 0.161700 ms CreateObjectMapping: 0.066500 ms MarkObjects: 1.577400 ms  DeleteObjects: 0.099100 ms)

========================================================================
Received Import Request.
  path: Assets/DarkGreyBox.jpg
  artifactKey: Guid(b8d688a848b3d584b90c970c03629cb1) Importer(815301076,1909f56bfc062723c751e8b465ee728b)
Start importing Assets/DarkGreyBox.jpg using Guid(b8d688a848b3d584b90c970c03629cb1) Importer(815301076,1909f56bfc062723c751e8b465ee728b)  -> (artifact id: '8c9882e7fff1d724c3bc600d12ef4024') in 0.126378 seconds
  Import took 0.129196 seconds .

========================================================================
Received Import Request.
  Time since last request: 0.000297 seconds.
  path: Assets/Ships/shipboi_Teal.png
  artifactKey: Guid(adbf079feb2c3e148b97eac73a7b0a1e) Importer(815301076,1909f56bfc062723c751e8b465ee728b)
Start importing Assets/Ships/shipboi_Teal.png using Guid(adbf079feb2c3e148b97eac73a7b0a1e) Importer(815301076,1909f56bfc062723c751e8b465ee728b)  -> (artifact id: '4a2c25ca0d779327c578f84e0337d5a4') in 0.018622 seconds
  Import took 0.021264 seconds .

========================================================================
Received Import Request.
  Time since last request: 0.000328 seconds.
  path: Assets/Greybox.jpg
  artifactKey: Guid(ba6f908691623c2488ad3a2e2e42054c) Importer(815301076,1909f56bfc062723c751e8b465ee728b)
Start importing Assets/Greybox.jpg using Guid(ba6f908691623c2488ad3a2e2e42054c) Importer(815301076,1909f56bfc062723c751e8b465ee728b)  -> (artifact id: '71f383ba3c981621688a671e029c318b') in 0.010424 seconds
  Import took 0.013147 seconds .

========================================================================
Received Import Request.
  Time since last request: 0.000280 seconds.
  path: Assets/Ships/shipboi_Orange.png
  artifactKey: Guid(c2f4805563a98424697548b970933ccc) Importer(815301076,1909f56bfc062723c751e8b465ee728b)
Start importing Assets/Ships/shipboi_Orange.png using Guid(c2f4805563a98424697548b970933ccc) Importer(815301076,1909f56bfc062723c751e8b465ee728b)  -> (artifact id: 'ce3a50f3fae71f360bab0a350da12074') in 0.011836 seconds
  Import took 0.014853 seconds .

========================================================================
Received Import Request.
  Time since last request: 0.000363 seconds.
  path: Assets/Ships/shipboi_Pink.png
  artifactKey: Guid(da437d48acf56c347bcd8bd9b674c368) Importer(815301076,1909f56bfc062723c751e8b465ee728b)
Start importing Assets/Ships/shipboi_Pink.png using Guid(da437d48acf56c347bcd8bd9b674c368) Importer(815301076,1909f56bfc062723c751e8b465ee728b)  -> (artifact id: 'b4f663379c37dfe34aef31cd44ac88e3') in 0.011812 seconds
  Import took 0.014562 seconds .

========================================================================
Received Import Request.
  Time since last request: 0.000216 seconds.
  path: Assets/Untitled-1.png
  artifactKey: Guid(bbae016a14efccf46ad2c945c54d9a53) Importer(815301076,1909f56bfc062723c751e8b465ee728b)
Start importing Assets/Untitled-1.png using Guid(bbae016a14efccf46ad2c945c54d9a53) Importer(815301076,1909f56bfc062723c751e8b465ee728b)  -> (artifact id: '75391a1fb5b2dacf7d7150e08205b83d') in 0.015627 seconds
  Import took 0.018291 seconds .

========================================================================
Received Import Request.
  Time since last request: 0.000340 seconds.
  path: Assets/Ships/shipboi_Purple.png
  artifactKey: Guid(832541fb411cf3d42831bbc699dd32d3) Importer(815301076,1909f56bfc062723c751e8b465ee728b)
Start importing Assets/Ships/shipboi_Purple.png using Guid(832541fb411cf3d42831bbc699dd32d3) Importer(815301076,1909f56bfc062723c751e8b465ee728b)  -> (artifact id: '9e97eee304109528a48b05b5b27118a2') in 0.011703 seconds
  Import took 0.014323 seconds .

========================================================================
Received Import Request.
  Time since last request: 0.000297 seconds.
  path: Assets/Ships/shipboi_Yellow.png
  artifactKey: Guid(6805d3dad3af9474198d480e34465083) Importer(815301076,1909f56bfc062723c751e8b465ee728b)
Start importing Assets/Ships/shipboi_Yellow.png using Guid(6805d3dad3af9474198d480e34465083) Importer(815301076,1909f56bfc062723c751e8b465ee728b)  -> (artifact id: '6fd3aafbc9d7400bbd93aab5989bc26a') in 0.012504 seconds
  Import took 0.015142 seconds .

========================================================================
Received Import Request.
  Time since last request: 0.000258 seconds.
  path: Assets/Ships/shipboi_DarkGreen.png
  artifactKey: Guid(0bd7519be06d31b4b9e8b8bacd4b8134) Importer(815301076,1909f56bfc062723c751e8b465ee728b)
Start importing Assets/Ships/shipboi_DarkGreen.png using Guid(0bd7519be06d31b4b9e8b8bacd4b8134) Importer(815301076,1909f56bfc062723c751e8b465ee728b)  -> (artifact id: '4ce269b422ec5f1f2f11342e8ace179f') in 0.012172 seconds
  Import took 0.014841 seconds .

========================================================================
Received Import Request.
  Time since last request: 0.000250 seconds.
  path: Assets/Ships/shipboi_LightGreen.png
  artifactKey: Guid(2e5d64a30e1c1cb4f8826ee001dc85f6) Importer(815301076,1909f56bfc062723c751e8b465ee728b)
Start importing Assets/Ships/shipboi_LightGreen.png using Guid(2e5d64a30e1c1cb4f8826ee001dc85f6) Importer(815301076,1909f56bfc062723c751e8b465ee728b)  -> (artifact id: '99e32973f07f4b950ec6f280611f301e') in 0.011839 seconds
  Import took 0.014694 seconds .

========================================================================
Received Import Request.
  Time since last request: 0.000205 seconds.
  path: Assets/Ships/shipboi_LightGrey.png
  artifactKey: Guid(a96f36b5a83b7c74b980a076ff5aa772) Importer(815301076,1909f56bfc062723c751e8b465ee728b)
Start importing Assets/Ships/shipboi_LightGrey.png using Guid(a96f36b5a83b7c74b980a076ff5aa772) Importer(815301076,1909f56bfc062723c751e8b465ee728b)  -> (artifact id: '97a70e9a2e34decef05df11c5c65bb56') in 0.012365 seconds
  Import took 0.015345 seconds .

========================================================================
Received Import Request.
  Time since last request: 0.000253 seconds.
  path: Assets/Ships/shipboi_Red.png
  artifactKey: Guid(8e2bd951a9a1c9f4ea257041ebf2840c) Importer(815301076,1909f56bfc062723c751e8b465ee728b)
Start importing Assets/Ships/shipboi_Red.png using Guid(8e2bd951a9a1c9f4ea257041ebf2840c) Importer(815301076,1909f56bfc062723c751e8b465ee728b)  -> (artifact id: 'e33b282e9cf7b588eb7e94bd07db4c78') in 0.010916 seconds
  Import took 0.013618 seconds .

========================================================================
Received Import Request.
  Time since last request: 0.000178 seconds.
  path: Assets/Ships/shipboi_DarkGrey.png
  artifactKey: Guid(2f1872a552eafa142bc3b4bc856a8f48) Importer(815301076,1909f56bfc062723c751e8b465ee728b)
Start importing Assets/Ships/shipboi_DarkGrey.png using Guid(2f1872a552eafa142bc3b4bc856a8f48) Importer(815301076,1909f56bfc062723c751e8b465ee728b)  -> (artifact id: '16d890d95d96ce41e843ce8b0e7ee97e') in 0.011482 seconds
  Import took 0.014180 seconds .

========================================================================
Received Import Request.
  Time since last request: 0.000204 seconds.
  path: Assets/Ships/shipboi_Blue.png
  artifactKey: Guid(d1109edf6d1ebb743be2db2cacc56f75) Importer(815301076,1909f56bfc062723c751e8b465ee728b)
Start importing Assets/Ships/shipboi_Blue.png using Guid(d1109edf6d1ebb743be2db2cacc56f75) Importer(815301076,1909f56bfc062723c751e8b465ee728b)  -> (artifact id: 'f8a421543b51a8fa4336c1e1d0e859dc') in 0.011502 seconds
  Import took 0.014589 seconds .

========================================================================
Received Import Request.
  Time since last request: 45.298497 seconds.
  path: Assets/TextMesh Pro/Examples & Extras/Resources/Fonts & Materials/Anton SDF - Drop Shadow.mat
  artifactKey: Guid(749b9069dc4742c5bfa5c74644049926) Importer(815301076,1909f56bfc062723c751e8b465ee728b)
Start importing Assets/TextMesh Pro/Examples & Extras/Resources/Fonts & Materials/Anton SDF - Drop Shadow.mat using Guid(749b9069dc4742c5bfa5c74644049926) Importer(815301076,1909f56bfc062723c751e8b465ee728b)  -> (artifact id: 'db262b0051c4838adedc88043ae7e644') in 0.062331 seconds
  Import took 0.065015 seconds .

========================================================================
Received Import Request.
  Time since last request: 0.000289 seconds.
  path: Assets/TextMesh Pro/Examples & Extras/Resources/Fonts & Materials/Anton SDF.asset
  artifactKey: Guid(8a89fa14b10d46a99122fd4f73fca9a2) Importer(815301076,1909f56bfc062723c751e8b465ee728b)
Start importing Assets/TextMesh Pro/Examples & Extras/Resources/Fonts & Materials/Anton SDF.asset using Guid(8a89fa14b10d46a99122fd4f73fca9a2) Importer(815301076,1909f56bfc062723c751e8b465ee728b)  -> (artifact id: '615e45ba75ba69a2ad6e89d93ce78f2b') in 0.056259 seconds
  Import took 0.059267 seconds .

========================================================================
Received Import Request.
  Time since last request: 0.000293 seconds.
  path: Assets/TextMesh Pro/Examples & Extras/Materials/Small Crate_diffuse.mat
  artifactKey: Guid(22262639920f43d6be32430e4e58350d) Importer(815301076,1909f56bfc062723c751e8b465ee728b)
Start importing Assets/TextMesh Pro/Examples & Extras/Materials/Small Crate_diffuse.mat using Guid(22262639920f43d6be32430e4e58350d) Importer(815301076,1909f56bfc062723c751e8b465ee728b)  -> (artifact id: 'e776c5770171de7d8929b2ea396dc86e') in 0.234850 seconds
  Import took 0.237619 seconds .

========================================================================
Received Import Request.
  Time since last request: 0.000237 seconds.
  path: Assets/TextMesh Pro/Examples & Extras/Resources/Fonts & Materials/Electronic Highway Sign SDF.asset
  artifactKey: Guid(dc36b3fdc14f47ebb36fd484a67e268a) Importer(815301076,1909f56bfc062723c751e8b465ee728b)
Start importing Assets/TextMesh Pro/Examples & Extras/Resources/Fonts & Materials/Electronic Highway Sign SDF.asset using Guid(dc36b3fdc14f47ebb36fd484a67e268a) Importer(815301076,1909f56bfc062723c751e8b465ee728b)  -> (artifact id: 'bdf8f1d916022014bbd37cfc6c98a650') in 0.029316 seconds
  Import took 0.031942 seconds .

========================================================================
Received Import Request.
  Time since last request: 0.000233 seconds.
  path: Assets/TextMesh Pro/Examples & Extras/Resources/Fonts & Materials/LiberationSans SDF - Overlay.mat
  artifactKey: Guid(9ad269c99dcf42b7aedefd83dd5a7b9d) Importer(815301076,1909f56bfc062723c751e8b465ee728b)
Start importing Assets/TextMesh Pro/Examples & Extras/Resources/Fonts & Materials/LiberationSans SDF - Overlay.mat using Guid(9ad269c99dcf42b7aedefd83dd5a7b9d) Importer(815301076,1909f56bfc062723c751e8b465ee728b)  -> (artifact id: '7137bf41ad1677d4bbbe7604f2be16f1') in 0.030843 seconds
  Import took 0.033392 seconds .

========================================================================
Received Import Request.
  Time since last request: 0.000197 seconds.
  path: Assets/TextMesh Pro/Examples & Extras/Fonts/Oswald-Bold.ttf
  artifactKey: Guid(c9f6d0e7bc8541498c9a4799ba184ede) Importer(815301076,1909f56bfc062723c751e8b465ee728b)
Start importing Assets/TextMesh Pro/Examples & Extras/Fonts/Oswald-Bold.ttf using Guid(c9f6d0e7bc8541498c9a4799ba184ede) Importer(815301076,1909f56bfc062723c751e8b465ee728b)  -> (artifact id: '16b9eb77316ab9ce38c767d53f72bad2') in 0.023963 seconds
  Import took 0.026500 seconds .

========================================================================
Received Import Request.
  Time since last request: 0.000201 seconds.
  path: Assets/TextMesh Pro/Examples & Extras/Fonts/Roboto-Bold.ttf
  artifactKey: Guid(4beb055f07aaff244873dec698d0363e) Importer(815301076,1909f56bfc062723c751e8b465ee728b)
Start importing Assets/TextMesh Pro/Examples & Extras/Fonts/Roboto-Bold.ttf using Guid(4beb055f07aaff244873dec698d0363e) Importer(815301076,1909f56bfc062723c751e8b465ee728b)  -> (artifact id: '1034d0c8422b94c7f9660010c12f4217') in 0.014265 seconds
  Import took 0.016928 seconds .

========================================================================
Received Import Request.
  Time since last request: 0.000372 seconds.
  path: Assets/TextMesh Pro/Examples & Extras/Resources/Fonts & Materials/Roboto-Bold SDF - Drop Shadow.mat
  artifactKey: Guid(b246c4190f4e46ec9352fe15a7b09ce0) Importer(815301076,1909f56bfc062723c751e8b465ee728b)
Start importing Assets/TextMesh Pro/Examples & Extras/Resources/Fonts & Materials/Roboto-Bold SDF - Drop Shadow.mat using Guid(b246c4190f4e46ec9352fe15a7b09ce0) Importer(815301076,1909f56bfc062723c751e8b465ee728b)  -> (artifact id: 'a039a3d107ed7e462fa1142edd470973') in 0.026368 seconds
  Import took 0.028920 seconds .

========================================================================
Received Import Request.
  Time since last request: 0.000282 seconds.
  path: Assets/TextMesh Pro/Examples & Extras/Resources/Fonts & Materials/Bangers SDF - Outline.mat
  artifactKey: Guid(f629c6e43dba4bf38cb74d8860150664) Importer(815301076,1909f56bfc062723c751e8b465ee728b)
Start importing Assets/TextMesh Pro/Examples & Extras/Resources/Fonts & Materials/Bangers SDF - Outline.mat using Guid(f629c6e43dba4bf38cb74d8860150664) Importer(815301076,1909f56bfc062723c751e8b465ee728b)  -> (artifact id: 'bb5520e39aafe3e06cb49eeb9852610e') in 0.026539 seconds
  Import took 0.029141 seconds .

========================================================================
Received Import Request.
  Time since last request: 0.000270 seconds.
  path: Assets/TextMesh Pro/Examples & Extras/Resources/Fonts & Materials/Anton SDF - Sunny Days.mat
  artifactKey: Guid(6522f30e342599e4e9dd4cc2cc03c830) Importer(815301076,1909f56bfc062723c751e8b465ee728b)
Start importing Assets/TextMesh Pro/Examples & Extras/Resources/Fonts & Materials/Anton SDF - Sunny Days.mat using Guid(6522f30e342599e4e9dd4cc2cc03c830) Importer(815301076,1909f56bfc062723c751e8b465ee728b)  -> (artifact id: 'cdf60e8c852d59ef8836489a674c74ec') in 0.122378 seconds
  Import took 0.125066 seconds .

========================================================================
Received Import Request.
  Time since last request: 0.000274 seconds.
  path: Assets/TextMesh Pro/Examples & Extras/Resources/Fonts & Materials/Bangers SDF.asset
  artifactKey: Guid(125cb55b44b24c4393181402bc6200e6) Importer(815301076,1909f56bfc062723c751e8b465ee728b)
Start importing Assets/TextMesh Pro/Examples & Extras/Resources/Fonts & Materials/Bangers SDF.asset using Guid(125cb55b44b24c4393181402bc6200e6) Importer(815301076,1909f56bfc062723c751e8b465ee728b)  -> (artifact id: '2819e99cf9bcb251b6b8cb0278fce36e') in 0.030934 seconds
  Import took 0.033688 seconds .

========================================================================
Received Import Request.
  Time since last request: 0.000203 seconds.
  path: Assets/TextMesh Pro/Examples & Extras/Materials/Crate - Surface Shader Scene.mat
  artifactKey: Guid(e6b9b44320f4448d9d5e0ee634259966) Importer(815301076,1909f56bfc062723c751e8b465ee728b)
Start importing Assets/TextMesh Pro/Examples & Extras/Materials/Crate - Surface Shader Scene.mat using Guid(e6b9b44320f4448d9d5e0ee634259966) Importer(815301076,1909f56bfc062723c751e8b465ee728b)  -> (artifact id: '96447dde0f35b1552e12d31ca25dfe9a') in 0.166235 seconds
  Import took 0.168874 seconds .

========================================================================
Received Import Request.
  Time since last request: 0.000287 seconds.
  path: Assets/TextMesh Pro/Examples & Extras/Resources/Fonts & Materials/Bangers SDF - Drop Shadow.mat
  artifactKey: Guid(f2dcf029949142e28b974630369c8b4e) Importer(815301076,1909f56bfc062723c751e8b465ee728b)
Start importing Assets/TextMesh Pro/Examples & Extras/Resources/Fonts & Materials/Bangers SDF - Drop Shadow.mat using Guid(f2dcf029949142e28b974630369c8b4e) Importer(815301076,1909f56bfc062723c751e8b465ee728b)  -> (artifact id: 'bbf27d14ffba80ac6bb0c3f01f1d10a9') in 0.028173 seconds
  Import took 0.030782 seconds .

========================================================================
Received Import Request.
  Time since last request: 0.000332 seconds.
  path: Assets/TextMesh Pro/Examples & Extras/Fonts/Electronic Highway Sign.TTF
  artifactKey: Guid(8a2b9e2a607dd2143b58c44bc32410b4) Importer(815301076,1909f56bfc062723c751e8b465ee728b)
Start importing Assets/TextMesh Pro/Examples & Extras/Fonts/Electronic Highway Sign.TTF using Guid(8a2b9e2a607dd2143b58c44bc32410b4) Importer(815301076,1909f56bfc062723c751e8b465ee728b)  -> (artifact id: '367f883558ee739ff50a3d4aa1425869') in 0.015894 seconds
  Import took 0.018754 seconds .

========================================================================
Received Import Request.
  Time since last request: 0.000189 seconds.
  path: Assets/TextMesh Pro/Fonts/LiberationSans.ttf
  artifactKey: Guid(e3265ab4bf004d28a9537516768c1c75) Importer(815301076,1909f56bfc062723c751e8b465ee728b)
Start importing Assets/TextMesh Pro/Fonts/LiberationSans.ttf using Guid(e3265ab4bf004d28a9537516768c1c75) Importer(815301076,1909f56bfc062723c751e8b465ee728b)  -> (artifact id: 'bdbf9d2c549434fbad621deb97784e32') in 0.012873 seconds
  Import took 0.015621 seconds .

========================================================================
Received Import Request.
  Time since last request: 0.000309 seconds.
  path: Assets/TextMesh Pro/Examples & Extras/Resources/Fonts & Materials/Bangers SDF Glow.mat
  artifactKey: Guid(d75b8f41e959450c84ac6e967084d3e1) Importer(815301076,1909f56bfc062723c751e8b465ee728b)
Start importing Assets/TextMesh Pro/Examples & Extras/Resources/Fonts & Materials/Bangers SDF Glow.mat using Guid(d75b8f41e959450c84ac6e967084d3e1) Importer(815301076,1909f56bfc062723c751e8b465ee728b)  -> (artifact id: '406e9b3ef0be8a324d7cf9929d8125ea') in 0.093284 seconds
  Import took 0.095956 seconds .

========================================================================
Received Import Request.
  Time since last request: 0.000290 seconds.
  path: Assets/TextMesh Pro/Examples & Extras/Materials/Ground - Surface Shader Scene.mat
  artifactKey: Guid(aadd5a709a48466c887296bb5b1b8110) Importer(815301076,1909f56bfc062723c751e8b465ee728b)
Start importing Assets/TextMesh Pro/Examples & Extras/Materials/Ground - Surface Shader Scene.mat using Guid(aadd5a709a48466c887296bb5b1b8110) Importer(815301076,1909f56bfc062723c751e8b465ee728b)  -> (artifact id: '543ad4e0c22f0c3737094e1a8c117012') in 0.013850 seconds
  Import took 0.016528 seconds .

========================================================================
Received Import Request.
  Time since last request: 0.000316 seconds.
  path: Assets/TextMesh Pro/Examples & Extras/Resources/Fonts & Materials/Anton SDF - Outline.mat
  artifactKey: Guid(a00013af81304728b2be1f4309ee2433) Importer(815301076,1909f56bfc062723c751e8b465ee728b)
Start importing Assets/TextMesh Pro/Examples & Extras/Resources/Fonts & Materials/Anton SDF - Outline.mat using Guid(a00013af81304728b2be1f4309ee2433) Importer(815301076,1909f56bfc062723c751e8b465ee728b)  -> (artifact id: 'cbedf52c0f8a9c92ec6ecc30bb23805f') in 0.028214 seconds
  Import took 0.031114 seconds .

========================================================================
Received Import Request.
  Time since last request: 0.000223 seconds.
  path: Assets/TextMesh Pro/Examples & Extras/Resources/Fonts & Materials/Roboto-Bold SDF.asset
  artifactKey: Guid(5302535af1044152a457ed104f1f4b91) Importer(815301076,1909f56bfc062723c751e8b465ee728b)
Start importing Assets/TextMesh Pro/Examples & Extras/Resources/Fonts & Materials/Roboto-Bold SDF.asset using Guid(5302535af1044152a457ed104f1f4b91) Importer(815301076,1909f56bfc062723c751e8b465ee728b)  -> (artifact id: '4e076a797a038f113e685c4b5cf6c4b6') in 0.029279 seconds
  Import took 0.032271 seconds .

========================================================================
Received Import Request.
  Time since last request: 0.000239 seconds.
  path: Assets/TextMesh Pro/Examples & Extras/Fonts/Bangers.ttf
  artifactKey: Guid(5dd49b3eacc540408c98eee0de38e0f1) Importer(815301076,1909f56bfc062723c751e8b465ee728b)
Start importing Assets/TextMesh Pro/Examples & Extras/Fonts/Bangers.ttf using Guid(5dd49b3eacc540408c98eee0de38e0f1) Importer(815301076,1909f56bfc062723c751e8b465ee728b)  -> (artifact id: 'ca7bdf310d10cd91b1bfbd093aca6464') in 0.011936 seconds
  Import took 0.014568 seconds .

========================================================================
Received Import Request.
  Time since last request: 0.000364 seconds.
  path: Assets/TextMesh Pro/Examples & Extras/Resources/Fonts & Materials/Bangers SDF Logo.mat
  artifactKey: Guid(f4e195ac1e204eff960149d1cb34e18c) Importer(815301076,1909f56bfc062723c751e8b465ee728b)
Start importing Assets/TextMesh Pro/Examples & Extras/Resources/Fonts & Materials/Bangers SDF Logo.mat using Guid(f4e195ac1e204eff960149d1cb34e18c) Importer(815301076,1909f56bfc062723c751e8b465ee728b)  -> (artifact id: '2dbd4897eb53420a6fcdef8c04c9e44e') in 0.283183 seconds
  Import took 0.286089 seconds .

========================================================================
Received Import Request.
  Time since last request: 0.000248 seconds.
  path: Assets/TextMesh Pro/Examples & Extras/Materials/Ground - Logo Scene.mat
  artifactKey: Guid(c719e38f25a9480abd2480ab621a2949) Importer(815301076,1909f56bfc062723c751e8b465ee728b)
Start importing Assets/TextMesh Pro/Examples & Extras/Materials/Ground - Logo Scene.mat using Guid(c719e38f25a9480abd2480ab621a2949) Importer(815301076,1909f56bfc062723c751e8b465ee728b)  -> (artifact id: 'ae8f4ccc457c488c18f46480e1af5969') in 0.109848 seconds
  Import took 0.112459 seconds .

========================================================================
Received Import Request.
  Time since last request: 0.000324 seconds.
  path: Assets/TextMesh Pro/Examples & Extras/Resources/Fonts & Materials/Oswald Bold SDF.asset
  artifactKey: Guid(0161d805a3764c089bef00bfe00793f5) Importer(815301076,1909f56bfc062723c751e8b465ee728b)
Start importing Assets/TextMesh Pro/Examples & Extras/Resources/Fonts & Materials/Oswald Bold SDF.asset using Guid(0161d805a3764c089bef00bfe00793f5) Importer(815301076,1909f56bfc062723c751e8b465ee728b)  -> (artifact id: '3cb0d4898b3f2eff037f4e5a7527ee09') in 0.030395 seconds
  Import took 0.033046 seconds .

========================================================================
Received Import Request.
  Time since last request: 0.000316 seconds.
  path: Assets/TextMesh Pro/Examples & Extras/Resources/Fonts & Materials/LiberationSans SDF - Metalic Green.mat
  artifactKey: Guid(8b29aaa3eec7468097ff07adfcf29ac9) Importer(815301076,1909f56bfc062723c751e8b465ee728b)
Start importing Assets/TextMesh Pro/Examples & Extras/Resources/Fonts & Materials/LiberationSans SDF - Metalic Green.mat using Guid(8b29aaa3eec7468097ff07adfcf29ac9) Importer(815301076,1909f56bfc062723c751e8b465ee728b)  -> (artifact id: 'd963e54f966f0706ac7c159202d2cd4c') in 0.125337 seconds
  Import took 0.128127 seconds .

========================================================================
Received Import Request.
  Time since last request: 0.000334 seconds.
  path: Assets/TextMesh Pro/Examples & Extras/Resources/Fonts & Materials/Roboto-Bold SDF - Surface.mat
  artifactKey: Guid(e6b276ec991f467aa14ef1f3cc665993) Importer(815301076,1909f56bfc062723c751e8b465ee728b)
Start importing Assets/TextMesh Pro/Examples & Extras/Resources/Fonts & Materials/Roboto-Bold SDF - Surface.mat using Guid(e6b276ec991f467aa14ef1f3cc665993) Importer(815301076,1909f56bfc062723c751e8b465ee728b)  -> (artifact id: '6bf5650f7666f7baf7cabed4c131869b') in 0.113448 seconds
  Import took 0.116042 seconds .

========================================================================
Received Import Request.
  Time since last request: 0.000340 seconds.
  path: Assets/TextMesh Pro/Examples & Extras/Fonts/Anton.ttf
  artifactKey: Guid(997a43b767814dd0a7642ec9b78cba41) Importer(815301076,1909f56bfc062723c751e8b465ee728b)
Start importing Assets/TextMesh Pro/Examples & Extras/Fonts/Anton.ttf using Guid(997a43b767814dd0a7642ec9b78cba41) Importer(815301076,1909f56bfc062723c751e8b465ee728b)  -> (artifact id: 'ff9b09a79a14cf8c3e6d48f136f03bde') in 0.011890 seconds
  Import took 0.014402 seconds .

========================================================================
Received Import Request.
  Time since last request: 0.000325 seconds.
  path: Assets/TextMesh Pro/Examples & Extras/Resources/Fonts & Materials/LiberationSans SDF - Soft Mask.mat
  artifactKey: Guid(42df1c7856584b6b8db9a509b6b10074) Importer(815301076,1909f56bfc062723c751e8b465ee728b)
Start importing Assets/TextMesh Pro/Examples & Extras/Resources/Fonts & Materials/LiberationSans SDF - Soft Mask.mat using Guid(42df1c7856584b6b8db9a509b6b10074) Importer(815301076,1909f56bfc062723c751e8b465ee728b)  -> (artifact id: '61e776945aaa13a67ae0aa05c655d28d') in 0.032214 seconds
  Import took 0.034775 seconds .

========================================================================
Received Prepare
Refreshing native plugins compatible for Editor in 3.80 ms, found 1 plugins.
Preloading 0 native plugins for Editor in 0.00 ms.
Unloading 9 Unused Serialized files (Serialized files now loaded: 0)
System memory in use before: 54.9 MB.
System memory in use after: 54.9 MB.

Unloading 9 unused Assets to reduce memory usage. Loaded Objects now: 2343.
Total: 2.637200 ms (FindLiveObjects: 0.196200 ms CreateObjectMapping: 0.065500 ms MarkObjects: 2.293400 ms  DeleteObjects: 0.081000 ms)

========================================================================
Received Prepare
Registering precompiled user dll's ...
Registered in 0.002198 seconds.
Begin MonoManager ReloadAssembly
Native extension for WindowsStandalone target not found
Native extension for WebGL target not found
Refreshing native plugins compatible for Editor in 0.42 ms, found 1 plugins.
Preloading 0 native plugins for Editor in 0.00 ms.
Invoked RoslynAnalysisRunner static constructor.
RoslynAnalysisRunner will not be running.
RoslynAnalysisRunner has terminated.
Mono: successfully reloaded assembly
- Completed reload, in  0.888 seconds
Platform modules already initialized, skipping
Refreshing native plugins compatible for Editor in 0.39 ms, found 1 plugins.
Preloading 0 native plugins for Editor in 0.00 ms.
Unloading 1833 Unused Serialized files (Serialized files now loaded: 0)
System memory in use before: 90.3 MB.
System memory in use after: 90.3 MB.

Unloading 11 unused Assets to reduce memory usage. Loaded Objects now: 2346.
Total: 1.926200 ms (FindLiveObjects: 0.200300 ms CreateObjectMapping: 0.058500 ms MarkObjects: 1.580200 ms  DeleteObjects: 0.086200 ms)

========================================================================
Received Import Request.
  Time since last request: 1095.037486 seconds.
  path: Assets/Scenes/FinalLevel.unity
  artifactKey: Guid(18158aeed63b3e04baaddc4f71638f55) Importer(815301076,1909f56bfc062723c751e8b465ee728b)
Start importing Assets/Scenes/FinalLevel.unity using Guid(18158aeed63b3e04baaddc4f71638f55) Importer(815301076,1909f56bfc062723c751e8b465ee728b)  -> (artifact id: '945bc3e672c51c2e671d3de8b2d0aa16') in 0.015186 seconds
  Import took 0.029743 seconds .

========================================================================
Received Import Request.
  Time since last request: 1.740633 seconds.
  path: Assets/Scenes/Level1Menu.unity
  artifactKey: Guid(2cda990e2423bbf4892e6590ba056729) Importer(815301076,1909f56bfc062723c751e8b465ee728b)
Start importing Assets/Scenes/Level1Menu.unity using Guid(2cda990e2423bbf4892e6590ba056729) Importer(815301076,1909f56bfc062723c751e8b465ee728b)  -> (artifact id: 'bf4e52633a83ed9f26a6936e39a154b9') in 0.006590 seconds
  Import took 0.010010 seconds .

========================================================================
Received Prepare
Registering precompiled user dll's ...
Registered in 0.001855 seconds.
Begin MonoManager ReloadAssembly
Native extension for WindowsStandalone target not found
Native extension for WebGL target not found
Refreshing native plugins compatible for Editor in 0.33 ms, found 1 plugins.
Preloading 0 native plugins for Editor in 0.00 ms.
Invoked RoslynAnalysisRunner static constructor.
RoslynAnalysisRunner will not be running.
RoslynAnalysisRunner has terminated.
Mono: successfully reloaded assembly
- Completed reload, in  0.878 seconds
Platform modules already initialized, skipping
Refreshing native plugins compatible for Editor in 0.32 ms, found 1 plugins.
Preloading 0 native plugins for Editor in 0.00 ms.
Unloading 1833 Unused Serialized files (Serialized files now loaded: 0)
System memory in use before: 90.3 MB.
System memory in use after: 90.3 MB.

Unloading 11 unused Assets to reduce memory usage. Loaded Objects now: 2349.
Total: 2.001900 ms (FindLiveObjects: 0.168100 ms CreateObjectMapping: 0.060800 ms MarkObjects: 1.692800 ms  DeleteObjects: 0.079400 ms)

========================================================================
Received Prepare
Refreshing native plugins compatible for Editor in 2.64 ms, found 1 plugins.
Preloading 0 native plugins for Editor in 0.00 ms.
Unloading 9 Unused Serialized files (Serialized files now loaded: 0)
System memory in use before: 54.3 MB.
System memory in use after: 54.3 MB.

Unloading 9 unused Assets to reduce memory usage. Loaded Objects now: 2349.
Total: 2.712100 ms (FindLiveObjects: 0.353000 ms CreateObjectMapping: 0.134400 ms MarkObjects: 2.135200 ms  DeleteObjects: 0.088300 ms)

========================================================================
Received Prepare
Registering precompiled user dll's ...
Registered in 0.001899 seconds.
Begin MonoManager ReloadAssembly
Native extension for WindowsStandalone target not found
Native extension for WebGL target not found
Refreshing native plugins compatible for Editor in 0.37 ms, found 1 plugins.
Preloading 0 native plugins for Editor in 0.00 ms.
Invoked RoslynAnalysisRunner static constructor.
RoslynAnalysisRunner will not be running.
RoslynAnalysisRunner has terminated.
Mono: successfully reloaded assembly
- Completed reload, in  0.924 seconds
Platform modules already initialized, skipping
Refreshing native plugins compatible for Editor in 0.34 ms, found 1 plugins.
Preloading 0 native plugins for Editor in 0.00 ms.
Unloading 1833 Unused Serialized files (Serialized files now loaded: 0)
System memory in use before: 90.4 MB.
System memory in use after: 90.4 MB.

Unloading 11 unused Assets to reduce memory usage. Loaded Objects now: 2352.
Total: 1.791900 ms (FindLiveObjects: 0.197100 ms CreateObjectMapping: 0.063700 ms MarkObjects: 1.443400 ms  DeleteObjects: 0.087100 ms)

========================================================================
Received Prepare
Refreshing native plugins compatible for Editor in 2.85 ms, found 1 plugins.
Preloading 0 native plugins for Editor in 0.00 ms.
Unloading 9 Unused Serialized files (Serialized files now loaded: 0)
System memory in use before: 54.3 MB.
System memory in use after: 54.3 MB.

Unloading 9 unused Assets to reduce memory usage. Loaded Objects now: 2352.
Total: 2.864700 ms (FindLiveObjects: 0.291100 ms CreateObjectMapping: 0.114600 ms MarkObjects: 2.329000 ms  DeleteObjects: 0.128800 ms)

========================================================================
Received Prepare
Refreshing native plugins compatible for Editor in 2.92 ms, found 1 plugins.
Preloading 0 native plugins for Editor in 0.00 ms.
Unloading 9 Unused Serialized files (Serialized files now loaded: 0)
System memory in use before: 54.3 MB.
System memory in use after: 54.3 MB.

Unloading 9 unused Assets to reduce memory usage. Loaded Objects now: 2352.
Total: 4.752100 ms (FindLiveObjects: 0.481600 ms CreateObjectMapping: 0.213300 ms MarkObjects: 3.913300 ms  DeleteObjects: 0.141900 ms)

========================================================================
Received Prepare
Registering precompiled user dll's ...
Registered in 0.001562 seconds.
Begin MonoManager ReloadAssembly
Native extension for WindowsStandalone target not found
Native extension for WebGL target not found
Refreshing native plugins compatible for Editor in 0.37 ms, found 1 plugins.
Preloading 0 native plugins for Editor in 0.00 ms.
Invoked RoslynAnalysisRunner static constructor.
RoslynAnalysisRunner will not be running.
RoslynAnalysisRunner has terminated.
Mono: successfully reloaded assembly
- Completed reload, in  0.861 seconds
Platform modules already initialized, skipping
Refreshing native plugins compatible for Editor in 0.49 ms, found 1 plugins.
Preloading 0 native plugins for Editor in 0.00 ms.
Unloading 1833 Unused Serialized files (Serialized files now loaded: 0)
System memory in use before: 90.5 MB.
System memory in use after: 90.5 MB.

Unloading 11 unused Assets to reduce memory usage. Loaded Objects now: 2355.
Total: 6.920400 ms (FindLiveObjects: 0.882400 ms CreateObjectMapping: 0.614100 ms MarkObjects: 5.311600 ms  DeleteObjects: 0.105700 ms)

========================================================================
Received Prepare
Refreshing native plugins compatible for Editor in 2.59 ms, found 1 plugins.
Preloading 0 native plugins for Editor in 0.00 ms.
Unloading 9 Unused Serialized files (Serialized files now loaded: 0)
System memory in use before: 54.4 MB.
System memory in use after: 54.5 MB.

Unloading 9 unused Assets to reduce memory usage. Loaded Objects now: 2355.
Total: 5.321000 ms (FindLiveObjects: 0.459200 ms CreateObjectMapping: 0.197000 ms MarkObjects: 4.477900 ms  DeleteObjects: 0.184600 ms)

========================================================================
Received Prepare
Refreshing native plugins compatible for Editor in 11.34 ms, found 1 plugins.
Preloading 0 native plugins for Editor in 0.00 ms.
Unloading 9 Unused Serialized files (Serialized files now loaded: 0)
System memory in use before: 54.4 MB.
System memory in use after: 54.5 MB.

Unloading 9 unused Assets to reduce memory usage. Loaded Objects now: 2355.
Total: 3.517800 ms (FindLiveObjects: 0.380300 ms CreateObjectMapping: 0.115900 ms MarkObjects: 2.923600 ms  DeleteObjects: 0.096600 ms)

